[2025-06-20 17:51:13] [INFO]    [OmnipathR] Welcome to OmnipathR!
[2025-06-20 17:51:13] [INFO]    [OmnipathR] OmnipathR version: 3.14.0
[2025-06-20 17:51:13] [TRACE]   [OmnipathR] Reading JSON from `/home/edo/.cache/OmnipathR/cache.json` (encoding: UTF-8).
[2025-06-20 17:51:13] [TRACE]   [OmnipathR] JSON validation successful: TRUE
[2025-06-20 17:51:13] [INFO]    [OmnipathR] Initialized cache: `/home/edo/.cache/OmnipathR`.
[2025-06-20 17:51:13] [TRACE]   [OmnipathR] Reading JSON from `/home/edo/.cache/R/renv/cache/v5/linux-ubuntu-jammy/R-4.4/x86_64-pc-linux-gnu/OmnipathR/3.14.0/d268f1d2aa7d430152bd5a8a3a85a5f0/OmnipathR/db/db_def.json` (encoding: UTF-8).
[2025-06-20 17:51:13] [TRACE]   [OmnipathR] JSON validation successful: TRUE
[2025-06-20 17:51:13] [TRACE]   [OmnipathR] Reading JSON from `/home/edo/.cache/R/renv/cache/v5/linux-ubuntu-jammy/R-4.4/x86_64-pc-linux-gnu/OmnipathR/3.14.0/d268f1d2aa7d430152bd5a8a3a85a5f0/OmnipathR/internal/magic_bytes.json` (encoding: UTF-8).
[2025-06-20 17:51:13] [TRACE]   [OmnipathR] JSON validation successful: TRUE
[2025-06-20 17:51:13] [TRACE]   [OmnipathR] Reading JSON from `/home/edo/.cache/R/renv/cache/v5/linux-ubuntu-jammy/R-4.4/x86_64-pc-linux-gnu/OmnipathR/3.14.0/d268f1d2aa7d430152bd5a8a3a85a5f0/OmnipathR/internal/urls.json` (encoding: UTF-8).
[2025-06-20 17:51:13] [TRACE]   [OmnipathR] JSON validation successful: TRUE
[2025-06-20 17:51:13] [TRACE]   [OmnipathR] Reading JSON from `/home/edo/.cache/R/renv/cache/v5/linux-ubuntu-jammy/R-4.4/x86_64-pc-linux-gnu/OmnipathR/3.14.0/d268f1d2aa7d430152bd5a8a3a85a5f0/OmnipathR/internal/id_types.json` (encoding: UTF-8).
[2025-06-20 17:51:13] [TRACE]   [OmnipathR] JSON validation successful: TRUE
[2025-06-20 17:51:14] [INFO]    [OmnipathR] Welcome to OmnipathR!
[2025-06-20 17:51:14] [INFO]    [OmnipathR] OmnipathR version: 3.14.0
[2025-06-20 17:51:14] [TRACE]   [OmnipathR] Reading JSON from `/home/edo/.cache/OmnipathR/cache.json` (encoding: UTF-8).
[2025-06-20 17:51:14] [TRACE]   [OmnipathR] JSON validation successful: TRUE
[2025-06-20 17:51:14] [INFO]    [OmnipathR] Initialized cache: `/home/edo/.cache/OmnipathR`.
[2025-06-20 17:51:14] [TRACE]   [OmnipathR] Reading JSON from `/home/edo/.cache/R/renv/cache/v5/linux-ubuntu-jammy/R-4.4/x86_64-pc-linux-gnu/OmnipathR/3.14.0/d268f1d2aa7d430152bd5a8a3a85a5f0/OmnipathR/db/db_def.json` (encoding: UTF-8).
[2025-06-20 17:51:14] [TRACE]   [OmnipathR] JSON validation successful: TRUE
[2025-06-20 17:51:14] [TRACE]   [OmnipathR] Reading JSON from `/home/edo/.cache/R/renv/cache/v5/linux-ubuntu-jammy/R-4.4/x86_64-pc-linux-gnu/OmnipathR/3.14.0/d268f1d2aa7d430152bd5a8a3a85a5f0/OmnipathR/internal/magic_bytes.json` (encoding: UTF-8).
[2025-06-20 17:51:14] [TRACE]   [OmnipathR] JSON validation successful: TRUE
[2025-06-20 17:51:14] [TRACE]   [OmnipathR] Reading JSON from `/home/edo/.cache/R/renv/cache/v5/linux-ubuntu-jammy/R-4.4/x86_64-pc-linux-gnu/OmnipathR/3.14.0/d268f1d2aa7d430152bd5a8a3a85a5f0/OmnipathR/internal/urls.json` (encoding: UTF-8).
[2025-06-20 17:51:14] [TRACE]   [OmnipathR] JSON validation successful: TRUE
[2025-06-20 17:51:14] [TRACE]   [OmnipathR] Reading JSON from `/home/edo/.cache/R/renv/cache/v5/linux-ubuntu-jammy/R-4.4/x86_64-pc-linux-gnu/OmnipathR/3.14.0/d268f1d2aa7d430152bd5a8a3a85a5f0/OmnipathR/internal/id_types.json` (encoding: UTF-8).
[2025-06-20 17:51:14] [TRACE]   [OmnipathR] JSON validation successful: TRUE
[2025-06-20 17:51:37] [INFO]    [OmnipathR] Loading database `Ensembl and OMA organism names`.
[2025-06-20 17:51:37] [TRACE]   [OmnipathR] Reading JSON from `/home/edo/.cache/OmnipathR/cache.json` (encoding: UTF-8).
[2025-06-20 17:51:37] [TRACE]   [OmnipathR] JSON validation successful: TRUE
[2025-06-20 17:51:37] [INFO]    [OmnipathR] Looking up in cache `https://www.ensembl.org/info/about/species.html`: key=7332486db7400730697234bad76ca0c8e4d00799, no version available.
[2025-06-20 17:51:37] [TRACE]   [OmnipathR] Reading JSON from `/home/edo/.cache/OmnipathR/cache.json` (encoding: UTF-8).
[2025-06-20 17:51:37] [TRACE]   [OmnipathR] JSON validation successful: TRUE
[2025-06-20 17:51:37] [INFO]    [OmnipathR] Created new version for cache record 7332486db7400730697234bad76ca0c8e4d00799: version 1.
[2025-06-20 17:51:37] [TRACE]   [OmnipathR] Cache file path: /home/edo/.cache/OmnipathR/7332486db7400730697234bad76ca0c8e4d00799-1.html
[2025-06-20 17:51:37] [INFO]    [OmnipathR] Retrieving URL: `https://www.ensembl.org/info/about/species.html`
[2025-06-20 17:51:37] [TRACE]   [OmnipathR] Attempt 1/3: `https://www.ensembl.org/info/about/species.html`
[2025-06-20 17:51:37] [TRACE]   [OmnipathR] HTTP 200
[2025-06-20 17:51:37] [INFO]    [OmnipathR] Download ready [key=7332486db7400730697234bad76ca0c8e4d00799, version=1]
[2025-06-20 17:51:37] [TRACE]   [OmnipathR] Reading JSON from `/home/edo/.cache/OmnipathR/cache.json` (encoding: UTF-8).
[2025-06-20 17:51:37] [TRACE]   [OmnipathR] JSON validation successful: TRUE
[2025-06-20 17:51:37] [INFO]    [OmnipathR] Cache item `7332486db7400730697234bad76ca0c8e4d00799` version 1: status changed from `unknown` to `ready`.
[2025-06-20 17:51:37] [TRACE]   [OmnipathR] Looking up in cache: `https://omabrowser.org/All/oma-species.txt`.
[2025-06-20 17:51:37] [INFO]    [OmnipathR] Cache record does not exist: `https://omabrowser.org/All/oma-species.txt`
[2025-06-20 17:51:37] [TRACE]   [OmnipathR] Could not find in cache, initiating download: `https://omabrowser.org/All/oma-species.txt`.
[2025-06-20 17:51:37] [TRACE]   [OmnipathR] Reading JSON from `/home/edo/.cache/OmnipathR/cache.json` (encoding: UTF-8).
[2025-06-20 17:51:37] [TRACE]   [OmnipathR] JSON validation successful: TRUE
[2025-06-20 17:51:37] [TRACE]   [OmnipathR] Reading JSON from `/home/edo/.cache/OmnipathR/cache.json` (encoding: UTF-8).
[2025-06-20 17:51:37] [TRACE]   [OmnipathR] JSON validation successful: TRUE
[2025-06-20 17:51:37] [INFO]    [OmnipathR] Cache item `30e690cbb55dfc63b5903ab337f34ffc2f4be397` version 1: status changed from `unknown` to `started`.
[2025-06-20 17:51:37] [TRACE]   [OmnipathR] Exporting object to RDS: `/home/edo/.cache/OmnipathR/30e690cbb55dfc63b5903ab337f34ffc2f4be397-1.rds`.
[2025-06-20 17:51:37] [INFO]    [OmnipathR] Retrieving URL: `https://omabrowser.org/All/oma-species.txt`
[2025-06-20 17:51:37] [TRACE]   [OmnipathR] Attempt 1/3: `https://omabrowser.org/All/oma-species.txt`
[2025-06-20 17:51:38] [TRACE]   [OmnipathR] Exported RDS to `/home/edo/.cache/OmnipathR/30e690cbb55dfc63b5903ab337f34ffc2f4be397-1.rds`.
[2025-06-20 17:51:38] [INFO]    [OmnipathR] Download ready [key=30e690cbb55dfc63b5903ab337f34ffc2f4be397, version=1]
[2025-06-20 17:51:38] [TRACE]   [OmnipathR] Reading JSON from `/home/edo/.cache/OmnipathR/cache.json` (encoding: UTF-8).
[2025-06-20 17:51:38] [TRACE]   [OmnipathR] JSON validation successful: TRUE
[2025-06-20 17:51:38] [INFO]    [OmnipathR] Cache item `30e690cbb55dfc63b5903ab337f34ffc2f4be397` version 1: status changed from `started` to `ready`.
[2025-06-20 17:51:38] [INFO]    [OmnipathR] Loaded database `Ensembl and OMA organism names`.
[2025-06-20 17:51:38] [TRACE]   [OmnipathR] Arguments for OmniPath query: [loops=TRUE,organisms=9606,genesymbols=TRUE,query_type=interactions,datasets=collectri]
[2025-06-20 17:51:38] [TRACE]   [OmnipathR] Organism(s): 9606
[2025-06-20 17:51:38] [TRACE]   [OmnipathR] Orthology targets: 
[2025-06-20 17:51:38] [TRACE]   [OmnipathR] Looking up in cache: `https://omnipathdb.org/interactions?genesymbols=yes&datasets=collectri&organisms=9606&fields=sources,references,curation_effort&loops=yes&license=academic`
[2025-06-20 17:51:38] [INFO]    [OmnipathR] Cache record does not exist: `https://omnipathdb.org/interactions?genesymbols=yes&datasets=collectri&organisms=9606&fields=sources,references,curation_effort&loops=yes&license=academic`
[2025-06-20 17:51:38] [TRACE]   [OmnipathR] Looking up in cache: `http://no-tls.omnipathdb.org/interactions?genesymbols=yes&datasets=collectri&organisms=9606&fields=sources,references,curation_effort&loops=yes&license=academic`
[2025-06-20 17:51:38] [INFO]    [OmnipathR] Cache record does not exist: `http://no-tls.omnipathdb.org/interactions?genesymbols=yes&datasets=collectri&organisms=9606&fields=sources,references,curation_effort&loops=yes&license=academic`
[2025-06-20 17:51:38] [TRACE]   [OmnipathR] Attempting `https://omnipathdb.org/interactions?genesymbols=yes&datasets=collectri&organisms=9606&fields=sources,references,curation_effort&loops=yes&license=academic`
[2025-06-20 17:51:38] [INFO]    [OmnipathR] Retrieving URL: `https://omnipathdb.org/interactions?genesymbols=yes&datasets=collectri&organisms=9606&fields=sources,references,curation_effort&loops=yes&license=academic`
[2025-06-20 17:51:38] [TRACE]   [OmnipathR] Attempt 1/3: `https://omnipathdb.org/interactions?genesymbols=yes&datasets=collectri&organisms=9606&fields=sources,references,curation_effort&loops=yes&license=academic`
[2025-06-20 17:51:38] [INFO]    [OmnipathR] Successfully retrieved: `https://omnipathdb.org/interactions?genesymbols=yes&datasets=collectri&organisms=9606&fields=sources,references,curation_effort&loops=yes&license=academic`
[2025-06-20 17:51:38] [TRACE]   [OmnipathR] Reading JSON from `/home/edo/.cache/OmnipathR/cache.json` (encoding: UTF-8).
[2025-06-20 17:51:38] [TRACE]   [OmnipathR] JSON validation successful: TRUE
[2025-06-20 17:51:38] [TRACE]   [OmnipathR] Reading JSON from `/home/edo/.cache/OmnipathR/cache.json` (encoding: UTF-8).
[2025-06-20 17:51:38] [TRACE]   [OmnipathR] JSON validation successful: TRUE
[2025-06-20 17:51:38] [INFO]    [OmnipathR] Cache item `b10176737ba43d460b13709623189f3911123779` version 1: status changed from `unknown` to `started`.
[2025-06-20 17:51:38] [TRACE]   [OmnipathR] Exporting object to RDS: `/home/edo/.cache/OmnipathR/b10176737ba43d460b13709623189f3911123779-1.rds`.
[2025-06-20 17:51:39] [TRACE]   [OmnipathR] Exported RDS to `/home/edo/.cache/OmnipathR/b10176737ba43d460b13709623189f3911123779-1.rds`.
[2025-06-20 17:51:39] [INFO]    [OmnipathR] Download ready [key=b10176737ba43d460b13709623189f3911123779, version=1]
[2025-06-20 17:51:39] [TRACE]   [OmnipathR] Reading JSON from `/home/edo/.cache/OmnipathR/cache.json` (encoding: UTF-8).
[2025-06-20 17:51:39] [TRACE]   [OmnipathR] JSON validation successful: TRUE
[2025-06-20 17:51:39] [INFO]    [OmnipathR] Cache item `b10176737ba43d460b13709623189f3911123779` version 1: status changed from `started` to `ready`.
[2025-06-20 17:51:40] [SUCCESS] [OmnipathR] Downloaded 64958 interactions.
[2025-06-20 17:51:40] [TRACE]   [OmnipathR] Arguments for OmniPath query: [genesymbols=TRUE,resources=CollecTRI,strict_evidences=TRUE,query_type=interactions,datasets=tf_mirna]
[2025-06-20 17:51:40] [TRACE]   [OmnipathR] Organism(s): 9606
[2025-06-20 17:51:40] [TRACE]   [OmnipathR] Orthology targets: 
[2025-06-20 17:51:41] [TRACE]   [OmnipathR] Reading JSON from `https://omnipathdb.org/resources` (encoding: UTF-8).
[2025-06-20 17:51:41] [TRACE]   [OmnipathR] JSON validation successful: TRUE
[2025-06-20 17:51:41] [TRACE]   [OmnipathR] Looking up in cache: `https://omnipathdb.org/interactions?genesymbols=yes&resources=CollecTRI&datasets=tf_mirna&organisms=9606&fields=evidences,sources,references,curation_effort&license=academic`
[2025-06-20 17:51:41] [INFO]    [OmnipathR] Cache record does not exist: `https://omnipathdb.org/interactions?genesymbols=yes&resources=CollecTRI&datasets=tf_mirna&organisms=9606&fields=evidences,sources,references,curation_effort&license=academic`
[2025-06-20 17:51:41] [TRACE]   [OmnipathR] Looking up in cache: `http://no-tls.omnipathdb.org/interactions?genesymbols=yes&resources=CollecTRI&datasets=tf_mirna&organisms=9606&fields=evidences,sources,references,curation_effort&license=academic`
[2025-06-20 17:51:41] [INFO]    [OmnipathR] Cache record does not exist: `http://no-tls.omnipathdb.org/interactions?genesymbols=yes&resources=CollecTRI&datasets=tf_mirna&organisms=9606&fields=evidences,sources,references,curation_effort&license=academic`
[2025-06-20 17:51:41] [TRACE]   [OmnipathR] Attempting `https://omnipathdb.org/interactions?genesymbols=yes&resources=CollecTRI&datasets=tf_mirna&organisms=9606&fields=evidences,sources,references,curation_effort&license=academic`
[2025-06-20 17:51:41] [INFO]    [OmnipathR] Retrieving URL: `https://omnipathdb.org/interactions?genesymbols=yes&resources=CollecTRI&datasets=tf_mirna&organisms=9606&fields=evidences,sources,references,curation_effort&license=academic`
[2025-06-20 17:51:41] [TRACE]   [OmnipathR] Attempt 1/3: `https://omnipathdb.org/interactions?genesymbols=yes&resources=CollecTRI&datasets=tf_mirna&organisms=9606&fields=evidences,sources,references,curation_effort&license=academic`
[2025-06-20 17:51:41] [INFO]    [OmnipathR] Successfully retrieved: `https://omnipathdb.org/interactions?genesymbols=yes&resources=CollecTRI&datasets=tf_mirna&organisms=9606&fields=evidences,sources,references,curation_effort&license=academic`
[2025-06-20 17:51:41] [TRACE]   [OmnipathR] Reading JSON from `/home/edo/.cache/OmnipathR/cache.json` (encoding: UTF-8).
[2025-06-20 17:51:41] [TRACE]   [OmnipathR] JSON validation successful: TRUE
[2025-06-20 17:51:41] [TRACE]   [OmnipathR] Reading JSON from `/home/edo/.cache/OmnipathR/cache.json` (encoding: UTF-8).
[2025-06-20 17:51:41] [TRACE]   [OmnipathR] JSON validation successful: TRUE
[2025-06-20 17:51:41] [INFO]    [OmnipathR] Cache item `f7d34500401ba98803b7d2b26c48f64cee1eea1b` version 1: status changed from `unknown` to `started`.
[2025-06-20 17:51:41] [TRACE]   [OmnipathR] Exporting object to RDS: `/home/edo/.cache/OmnipathR/f7d34500401ba98803b7d2b26c48f64cee1eea1b-1.rds`.
[2025-06-20 17:51:41] [TRACE]   [OmnipathR] Exported RDS to `/home/edo/.cache/OmnipathR/f7d34500401ba98803b7d2b26c48f64cee1eea1b-1.rds`.
[2025-06-20 17:51:41] [INFO]    [OmnipathR] Download ready [key=f7d34500401ba98803b7d2b26c48f64cee1eea1b, version=1]
[2025-06-20 17:51:41] [TRACE]   [OmnipathR] Reading JSON from `/home/edo/.cache/OmnipathR/cache.json` (encoding: UTF-8).
[2025-06-20 17:51:41] [TRACE]   [OmnipathR] JSON validation successful: TRUE
[2025-06-20 17:51:41] [INFO]    [OmnipathR] Cache item `f7d34500401ba98803b7d2b26c48f64cee1eea1b` version 1: status changed from `started` to `ready`.
[2025-06-20 17:51:41] [TRACE]   [OmnipathR] Converting JSON column `evidences` to list.
[2025-06-20 17:51:41] [TRACE]   [OmnipathR] Restricting interaction records to datasets: tf_mirna; and resources: CollecTRI
[2025-06-20 17:51:41] [TRACE]   [OmnipathR] Filtering evidence columns: positive, negative, directed, undirected; to datasets: tf_mirna; and resources: CollecTRI; excluding resources: none
[2025-06-20 17:51:41] [SUCCESS] [OmnipathR] Downloaded 232 interactions.
[2025-06-20 18:36:27] [TRACE]   [OmnipathR] Arguments for OmniPath query: [loops=TRUE,organisms=9606,genesymbols=TRUE,query_type=interactions,datasets=collectri]
[2025-06-20 18:36:27] [TRACE]   [OmnipathR] Organism(s): 9606
[2025-06-20 18:36:27] [TRACE]   [OmnipathR] Orthology targets: 
[2025-06-20 18:36:27] [TRACE]   [OmnipathR] Looking up in cache: `https://omnipathdb.org/interactions?genesymbols=yes&datasets=collectri&organisms=9606&fields=sources,references,curation_effort&loops=yes&license=academic`
[2025-06-20 18:36:27] [TRACE]   [OmnipathR] Loaded data from RDS `/home/edo/.cache/OmnipathR/b10176737ba43d460b13709623189f3911123779-1.rds`.
[2025-06-20 18:36:27] [INFO]    [OmnipathR] Loaded from cache: `https://omnipathdb.org/interactions?genesymbols=yes&datasets=collectri&organisms=9606&fields=sources,references,curation_effort&loops=yes&license=academic`
[2025-06-20 18:36:29] [SUCCESS] [OmnipathR] Loaded 64958 interactions from cache.
[2025-06-20 18:36:29] [TRACE]   [OmnipathR] Arguments for OmniPath query: [genesymbols=TRUE,resources=CollecTRI,strict_evidences=TRUE,query_type=interactions,datasets=tf_mirna]
[2025-06-20 18:36:29] [TRACE]   [OmnipathR] Organism(s): 9606
[2025-06-20 18:36:29] [TRACE]   [OmnipathR] Orthology targets: 
[2025-06-20 18:36:29] [TRACE]   [OmnipathR] Reading JSON from `https://omnipathdb.org/resources` (encoding: UTF-8).
[2025-06-20 18:36:29] [TRACE]   [OmnipathR] JSON validation successful: TRUE
[2025-06-20 18:36:29] [TRACE]   [OmnipathR] Looking up in cache: `https://omnipathdb.org/interactions?genesymbols=yes&resources=CollecTRI&datasets=tf_mirna&organisms=9606&fields=evidences,sources,references,curation_effort&license=academic`
[2025-06-20 18:36:29] [TRACE]   [OmnipathR] Loaded data from RDS `/home/edo/.cache/OmnipathR/f7d34500401ba98803b7d2b26c48f64cee1eea1b-1.rds`.
[2025-06-20 18:36:29] [INFO]    [OmnipathR] Loaded from cache: `https://omnipathdb.org/interactions?genesymbols=yes&resources=CollecTRI&datasets=tf_mirna&organisms=9606&fields=evidences,sources,references,curation_effort&license=academic`
[2025-06-20 18:36:29] [TRACE]   [OmnipathR] Converting JSON column `evidences` to list.
[2025-06-20 18:36:29] [TRACE]   [OmnipathR] Restricting interaction records to datasets: tf_mirna; and resources: CollecTRI
[2025-06-20 18:36:29] [TRACE]   [OmnipathR] Filtering evidence columns: positive, negative, directed, undirected; to datasets: tf_mirna; and resources: CollecTRI; excluding resources: none
[2025-06-20 18:36:29] [SUCCESS] [OmnipathR] Downloaded 232 interactions.
[2025-06-20 21:36:33] [TRACE]   [OmnipathR] Removing database `Ensembl and OMA organism names` (not used in the past 10800 seconds)
[2025-06-21 17:08:47] [INFO]    [OmnipathR] Loading database `Ensembl and OMA organism names`.
[2025-06-21 17:08:47] [INFO]    [OmnipathR] Looking up in cache `https://www.ensembl.org/info/about/species.html`: key=7332486db7400730697234bad76ca0c8e4d00799, latest version=1.
[2025-06-21 17:08:47] [TRACE]   [OmnipathR] Cache file path: /home/edo/.cache/OmnipathR/7332486db7400730697234bad76ca0c8e4d00799-1.html
[2025-06-21 17:08:47] [TRACE]   [OmnipathR] Looking up in cache: `https://omabrowser.org/All/oma-species.txt`.
[2025-06-21 17:08:47] [TRACE]   [OmnipathR] Loaded data from RDS `/home/edo/.cache/OmnipathR/30e690cbb55dfc63b5903ab337f34ffc2f4be397-1.rds`.
[2025-06-21 17:08:47] [INFO]    [OmnipathR] Loaded database `Ensembl and OMA organism names`.
[2025-06-21 17:08:47] [TRACE]   [OmnipathR] Arguments for OmniPath query: [dorothea_levels=[A,B,C,D],genesymbols=TRUE,organisms=9606,query_type=interactions,datasets=dorothea]
[2025-06-21 17:08:47] [TRACE]   [OmnipathR] Organism(s): 9606
[2025-06-21 17:08:47] [TRACE]   [OmnipathR] Orthology targets: 
[2025-06-21 17:08:47] [TRACE]   [OmnipathR] Looking up in cache: `https://omnipathdb.org/interactions?genesymbols=yes&datasets=dorothea&organisms=9606&dorothea_levels=A,B,C,D&fields=sources,references,curation_effort,dorothea_level&license=academic`
[2025-06-21 17:08:47] [INFO]    [OmnipathR] Cache record does not exist: `https://omnipathdb.org/interactions?genesymbols=yes&datasets=dorothea&organisms=9606&dorothea_levels=A,B,C,D&fields=sources,references,curation_effort,dorothea_level&license=academic`
[2025-06-21 17:08:47] [TRACE]   [OmnipathR] Looking up in cache: `http://no-tls.omnipathdb.org/interactions?genesymbols=yes&datasets=dorothea&organisms=9606&dorothea_levels=A,B,C,D&fields=sources,references,curation_effort,dorothea_level&license=academic`
[2025-06-21 17:08:47] [INFO]    [OmnipathR] Cache record does not exist: `http://no-tls.omnipathdb.org/interactions?genesymbols=yes&datasets=dorothea&organisms=9606&dorothea_levels=A,B,C,D&fields=sources,references,curation_effort,dorothea_level&license=academic`
[2025-06-21 17:08:47] [TRACE]   [OmnipathR] Attempting `https://omnipathdb.org/interactions?genesymbols=yes&datasets=dorothea&organisms=9606&dorothea_levels=A,B,C,D&fields=sources,references,curation_effort,dorothea_level&license=academic`
[2025-06-21 17:08:47] [INFO]    [OmnipathR] Retrieving URL: `https://omnipathdb.org/interactions?genesymbols=yes&datasets=dorothea&organisms=9606&dorothea_levels=A,B,C,D&fields=sources,references,curation_effort,dorothea_level&license=academic`
[2025-06-21 17:08:47] [TRACE]   [OmnipathR] Attempt 1/3: `https://omnipathdb.org/interactions?genesymbols=yes&datasets=dorothea&organisms=9606&dorothea_levels=A,B,C,D&fields=sources,references,curation_effort,dorothea_level&license=academic`
[2025-06-21 17:08:47] [INFO]    [OmnipathR] Successfully retrieved: `https://omnipathdb.org/interactions?genesymbols=yes&datasets=dorothea&organisms=9606&dorothea_levels=A,B,C,D&fields=sources,references,curation_effort,dorothea_level&license=academic`
[2025-06-21 17:08:47] [TRACE]   [OmnipathR] Reading JSON from `/home/edo/.cache/OmnipathR/cache.json` (encoding: UTF-8).
[2025-06-21 17:08:47] [TRACE]   [OmnipathR] JSON validation successful: TRUE
[2025-06-21 17:08:47] [TRACE]   [OmnipathR] Reading JSON from `/home/edo/.cache/OmnipathR/cache.json` (encoding: UTF-8).
[2025-06-21 17:08:47] [TRACE]   [OmnipathR] JSON validation successful: TRUE
[2025-06-21 17:08:47] [INFO]    [OmnipathR] Cache item `46d37339bbc3f9a05bb89ccb79278cf1233f5cdf` version 1: status changed from `unknown` to `started`.
[2025-06-21 17:08:47] [TRACE]   [OmnipathR] Exporting object to RDS: `/home/edo/.cache/OmnipathR/46d37339bbc3f9a05bb89ccb79278cf1233f5cdf-1.rds`.
[2025-06-21 17:08:48] [TRACE]   [OmnipathR] Exported RDS to `/home/edo/.cache/OmnipathR/46d37339bbc3f9a05bb89ccb79278cf1233f5cdf-1.rds`.
[2025-06-21 17:08:48] [INFO]    [OmnipathR] Download ready [key=46d37339bbc3f9a05bb89ccb79278cf1233f5cdf, version=1]
[2025-06-21 17:08:48] [TRACE]   [OmnipathR] Reading JSON from `/home/edo/.cache/OmnipathR/cache.json` (encoding: UTF-8).
[2025-06-21 17:08:48] [TRACE]   [OmnipathR] JSON validation successful: TRUE
[2025-06-21 17:08:48] [INFO]    [OmnipathR] Cache item `46d37339bbc3f9a05bb89ccb79278cf1233f5cdf` version 1: status changed from `started` to `ready`.
[2025-06-21 17:08:54] [SUCCESS] [OmnipathR] Downloaded 278830 interactions.
