[2025-07-15 12:31:51] [INFO]    [OmnipathR] Welcome to OmnipathR!
[2025-07-15 12:31:51] [INFO]    [OmnipathR] OmnipathR version: 3.14.0
[2025-07-15 12:31:51] [TRACE]   [OmnipathR] Reading JSON from `/home/edo/.cache/OmnipathR/cache.json` (encoding: UTF-8).
[2025-07-15 12:31:51] [TRACE]   [OmnipathR] JSON validation successful: TRUE
[2025-07-15 12:31:51] [INFO]    [OmnipathR] Initialized cache: `/home/edo/.cache/OmnipathR`.
[2025-07-15 12:31:51] [TRACE]   [OmnipathR] Reading JSON from `/home/edo/.cache/R/renv/cache/v5/linux-ubuntu-jammy/R-4.4/x86_64-pc-linux-gnu/OmnipathR/3.14.0/d268f1d2aa7d430152bd5a8a3a85a5f0/OmnipathR/db/db_def.json` (encoding: UTF-8).
[2025-07-15 12:31:51] [TRACE]   [OmnipathR] JSON validation successful: TRUE
[2025-07-15 12:31:51] [TRACE]   [OmnipathR] Reading JSON from `/home/edo/.cache/R/renv/cache/v5/linux-ubuntu-jammy/R-4.4/x86_64-pc-linux-gnu/OmnipathR/3.14.0/d268f1d2aa7d430152bd5a8a3a85a5f0/OmnipathR/internal/magic_bytes.json` (encoding: UTF-8).
[2025-07-15 12:31:51] [TRACE]   [OmnipathR] JSON validation successful: TRUE
[2025-07-15 12:31:51] [TRACE]   [OmnipathR] Reading JSON from `/home/edo/.cache/R/renv/cache/v5/linux-ubuntu-jammy/R-4.4/x86_64-pc-linux-gnu/OmnipathR/3.14.0/d268f1d2aa7d430152bd5a8a3a85a5f0/OmnipathR/internal/urls.json` (encoding: UTF-8).
[2025-07-15 12:31:51] [TRACE]   [OmnipathR] JSON validation successful: TRUE
[2025-07-15 12:31:51] [TRACE]   [OmnipathR] Reading JSON from `/home/edo/.cache/R/renv/cache/v5/linux-ubuntu-jammy/R-4.4/x86_64-pc-linux-gnu/OmnipathR/3.14.0/d268f1d2aa7d430152bd5a8a3a85a5f0/OmnipathR/internal/id_types.json` (encoding: UTF-8).
[2025-07-15 12:31:51] [TRACE]   [OmnipathR] JSON validation successful: TRUE
[2025-07-15 12:32:07] [INFO]    [OmnipathR] Loading database `Ensembl and OMA organism names`.
[2025-07-15 12:32:07] [INFO]    [OmnipathR] Looking up in cache `https://www.ensembl.org/info/about/species.html`: key=7332486db7400730697234bad76ca0c8e4d00799, latest version=1.
[2025-07-15 12:32:07] [TRACE]   [OmnipathR] Cache file path: /home/edo/.cache/OmnipathR/7332486db7400730697234bad76ca0c8e4d00799-1.html
[2025-07-15 12:32:07] [TRACE]   [OmnipathR] Looking up in cache: `https://omabrowser.org/All/oma-species.txt`.
[2025-07-15 12:32:07] [TRACE]   [OmnipathR] Loaded data from RDS `/home/edo/.cache/OmnipathR/30e690cbb55dfc63b5903ab337f34ffc2f4be397-1.rds`.
[2025-07-15 12:32:07] [INFO]    [OmnipathR] Loaded database `Ensembl and OMA organism names`.
[2025-07-15 12:32:07] [TRACE]   [OmnipathR] Arguments for OmniPath query: [loops=TRUE,organisms=9606,genesymbols=TRUE,query_type=interactions,datasets=collectri]
[2025-07-15 12:32:07] [TRACE]   [OmnipathR] Organism(s): 9606
[2025-07-15 12:32:07] [TRACE]   [OmnipathR] Orthology targets: 
[2025-07-15 12:32:07] [TRACE]   [OmnipathR] Looking up in cache: `https://omnipathdb.org/interactions?genesymbols=yes&datasets=collectri&organisms=9606&fields=sources,references,curation_effort&loops=yes&license=academic`
[2025-07-15 12:32:07] [TRACE]   [OmnipathR] Loaded data from RDS `/home/edo/.cache/OmnipathR/b10176737ba43d460b13709623189f3911123779-1.rds`.
[2025-07-15 12:32:07] [INFO]    [OmnipathR] Loaded from cache: `https://omnipathdb.org/interactions?genesymbols=yes&datasets=collectri&organisms=9606&fields=sources,references,curation_effort&loops=yes&license=academic`
[2025-07-15 12:32:09] [SUCCESS] [OmnipathR] Loaded 64958 interactions from cache.
[2025-07-15 12:32:09] [TRACE]   [OmnipathR] Arguments for OmniPath query: [genesymbols=TRUE,resources=CollecTRI,strict_evidences=TRUE,query_type=interactions,datasets=tf_mirna]
[2025-07-15 12:32:09] [TRACE]   [OmnipathR] Organism(s): 9606
[2025-07-15 12:32:09] [TRACE]   [OmnipathR] Orthology targets: 
[2025-07-15 12:32:09] [TRACE]   [OmnipathR] Reading JSON from `https://omnipathdb.org/resources` (encoding: UTF-8).
[2025-07-15 12:32:09] [TRACE]   [OmnipathR] JSON validation successful: TRUE
[2025-07-15 12:32:09] [TRACE]   [OmnipathR] Looking up in cache: `https://omnipathdb.org/interactions?genesymbols=yes&resources=CollecTRI&datasets=tf_mirna&organisms=9606&fields=evidences,sources,references,curation_effort&license=academic`
[2025-07-15 12:32:09] [TRACE]   [OmnipathR] Loaded data from RDS `/home/edo/.cache/OmnipathR/f7d34500401ba98803b7d2b26c48f64cee1eea1b-1.rds`.
[2025-07-15 12:32:09] [INFO]    [OmnipathR] Loaded from cache: `https://omnipathdb.org/interactions?genesymbols=yes&resources=CollecTRI&datasets=tf_mirna&organisms=9606&fields=evidences,sources,references,curation_effort&license=academic`
[2025-07-15 12:32:09] [TRACE]   [OmnipathR] Converting JSON column `evidences` to list.
[2025-07-15 12:32:09] [TRACE]   [OmnipathR] Restricting interaction records to datasets: tf_mirna; and resources: CollecTRI
[2025-07-15 12:32:09] [TRACE]   [OmnipathR] Filtering evidence columns: positive, negative, directed, undirected; to datasets: tf_mirna; and resources: CollecTRI; excluding resources: none
[2025-07-15 12:32:10] [SUCCESS] [OmnipathR] Downloaded 232 interactions.
